Terminals unused in grammar

   DEF


Grammar

    0 $accept: program $end

    1 $@1: %empty

    2 $@2: %empty

    3 program: ID $@1 MK_SEMICOLON $@2 program_body END ID

    4 program_body: opt_decl_list opt_func_decl_list compound_stmt

    5 opt_decl_list: decl_list
    6              | %empty

    7 decl_list: decl_list decl
    8          | decl

    9 $@3: %empty

   10 decl: VAR id_list MK_COLON scalar_type $@3 MK_SEMICOLON
   11     | VAR id_list MK_COLON array_type MK_SEMICOLON

   12 $@4: %empty

   13 decl: VAR id_list MK_COLON literal_const $@4 MK_SEMICOLON

   14 int_const: INT_CONST
   15          | OCTAL_CONST

   16 literal_const: int_const
   17              | OP_SUB int_const
   18              | FLOAT_CONST
   19              | OP_SUB FLOAT_CONST
   20              | SCIENTIFIC
   21              | OP_SUB SCIENTIFIC
   22              | STR_CONST
   23              | TRUE
   24              | FALSE

   25 opt_func_decl_list: func_decl_list
   26                   | %empty

   27 func_decl_list: func_decl_list func_decl
   28               | func_decl

   29 $@5: %empty

   30 $@6: %empty

   31 $@7: %empty

   32 $@8: %empty

   33 func_decl: ID $@5 MK_LPAREN opt_param_list MK_RPAREN $@6 opt_type MK_SEMICOLON $@7 compound_stmt END $@8 ID

   34 opt_param_list: param_list
   35               | %empty

   36 param_list: param_list MK_SEMICOLON param
   37           | param

   38 param: id_list MK_COLON type

   39 id_list: id_list MK_COMMA ID
   40        | ID

   41 opt_type: MK_COLON type
   42         | %empty

   43 type: scalar_type
   44     | array_type

   45 scalar_type: INTEGER
   46            | REAL
   47            | BOOLEAN
   48            | STRING

   49 $@9: %empty

   50 array_type: ARRAY $@9 int_const TO int_const OF type

   51 stmt: compound_stmt
   52     | simple_stmt
   53     | cond_stmt
   54     | while_stmt
   55     | for_stmt
   56     | return_stmt
   57     | proc_call_stmt

   58 $@10: %empty

   59 $@11: %empty

   60 compound_stmt: BEG $@10 opt_decl_list opt_stmt_list $@11 END

   61 opt_stmt_list: stmt_list
   62              | %empty

   63 stmt_list: stmt_list stmt
   64          | stmt

   65 $@12: %empty

   66 simple_stmt: var_ref $@12 OP_ASSIGN boolean_expr MK_SEMICOLON
   67            | PRINT boolean_expr MK_SEMICOLON
   68            | READ boolean_expr MK_SEMICOLON

   69 proc_call_stmt: ID MK_LPAREN opt_boolean_expr_list MK_RPAREN MK_SEMICOLON

   70 cond_stmt: IF boolean_expr THEN opt_stmt_list ELSE opt_stmt_list END IF
   71          | IF boolean_expr THEN opt_stmt_list END IF

   72 $@13: %empty

   73 while_stmt: WHILE boolean_expr $@13 DO opt_stmt_list END DO

   74 $@14: %empty

   75 $@15: %empty

   76 for_stmt: FOR ID $@14 OP_ASSIGN int_const TO int_const DO $@15 opt_stmt_list END DO

   77 return_stmt: RETURN boolean_expr MK_SEMICOLON

   78 opt_boolean_expr_list: boolean_expr_list
   79                      | %empty

   80 boolean_expr_list: boolean_expr_list MK_COMMA boolean_expr
   81                  | boolean_expr

   82 boolean_expr: boolean_expr OP_OR boolean_term
   83             | boolean_term

   84 boolean_term: boolean_term OP_AND boolean_factor
   85             | boolean_factor

   86 boolean_factor: OP_NOT boolean_factor
   87               | relop_expr

   88 $@16: %empty

   89 $@17: %empty

   90 relop_expr: expr $@16 rel_op $@17 expr
   91           | expr

   92 rel_op: OP_LT
   93       | OP_LE
   94       | OP_EQ
   95       | OP_GE
   96       | OP_GT
   97       | OP_NE

   98 $@18: %empty

   99 $@19: %empty

  100 expr: expr $@18 add_op $@19 term
  101     | term

  102 add_op: OP_ADD
  103       | OP_SUB

  104 $@20: %empty

  105 $@21: %empty

  106 term: term $@20 mul_op $@21 factor
  107     | factor

  108 mul_op: OP_MUL
  109       | OP_DIV
  110       | OP_MOD

  111 factor: var_ref
  112       | OP_SUB var_ref
  113       | MK_LPAREN boolean_expr MK_RPAREN
  114       | OP_SUB MK_LPAREN boolean_expr MK_RPAREN

  115 $@22: %empty

  116 factor: ID $@22 MK_LPAREN opt_boolean_expr_list MK_RPAREN
  117       | OP_SUB ID MK_LPAREN opt_boolean_expr_list MK_RPAREN
  118       | literal_const

  119 var_ref: ID
  120        | var_ref dim

  121 dim: MK_LB boolean_expr MK_RB


Terminals, with rules where they appear

$end (0) 0
error (256)
ARRAY (258) 50
BEG (259) 60
BOOLEAN (260) 47
DEF (261)
DO (262) 73 76
ELSE (263) 70
END (264) 3 33 60 70 71 73 76
FALSE (265) 24
FOR (266) 76
INTEGER (267) 45
IF (268) 70 71
OF (269) 50
PRINT (270) 67
READ (271) 68
REAL (272) 46
RETURN (273) 77
STRING (274) 48
THEN (275) 70 71
TO (276) 50 76
TRUE (277) 23
VAR (278) 10 11 13
WHILE (279) 73
ID (280) 3 33 39 40 69 76 116 117 119
OCTAL_CONST (281) 15
INT_CONST (282) 14
FLOAT_CONST (283) 18 19
SCIENTIFIC (284) 20 21
STR_CONST (285) 22
OP_ADD (286) 102
OP_SUB (287) 17 19 21 103 112 114 117
OP_MUL (288) 108
OP_DIV (289) 109
OP_MOD (290) 110
OP_ASSIGN (291) 66 76
OP_EQ (292) 94
OP_NE (293) 97
OP_GT (294) 96
OP_LT (295) 92
OP_GE (296) 95
OP_LE (297) 93
OP_AND (298) 84
OP_OR (299) 82
OP_NOT (300) 86
MK_COMMA (301) 39 80
MK_COLON (302) 10 11 13 38 41
MK_SEMICOLON (303) 3 10 11 13 33 36 66 67 68 69 77
MK_LPAREN (304) 33 69 113 114 116 117
MK_RPAREN (305) 33 69 113 114 116 117
MK_LB (306) 121
MK_RB (307) 121


Nonterminals, with rules where they appear

$accept (53)
    on left: 0
program (54)
    on left: 3, on right: 0
$@1 (55)
    on left: 1, on right: 3
$@2 (56)
    on left: 2, on right: 3
program_body (57)
    on left: 4, on right: 3
opt_decl_list (58)
    on left: 5 6, on right: 4 60
decl_list (59)
    on left: 7 8, on right: 5 7
decl (60)
    on left: 10 11 13, on right: 7 8
$@3 (61)
    on left: 9, on right: 10
$@4 (62)
    on left: 12, on right: 13
int_const (63)
    on left: 14 15, on right: 16 17 50 76
literal_const (64)
    on left: 16 17 18 19 20 21 22 23 24, on right: 13 118
opt_func_decl_list (65)
    on left: 25 26, on right: 4
func_decl_list (66)
    on left: 27 28, on right: 25 27
func_decl (67)
    on left: 33, on right: 27 28
$@5 (68)
    on left: 29, on right: 33
$@6 (69)
    on left: 30, on right: 33
$@7 (70)
    on left: 31, on right: 33
$@8 (71)
    on left: 32, on right: 33
opt_param_list (72)
    on left: 34 35, on right: 33
param_list (73)
    on left: 36 37, on right: 34 36
param (74)
    on left: 38, on right: 36 37
id_list (75)
    on left: 39 40, on right: 10 11 13 38 39
opt_type (76)
    on left: 41 42, on right: 33
type (77)
    on left: 43 44, on right: 38 41 50
scalar_type (78)
    on left: 45 46 47 48, on right: 10 43
array_type (79)
    on left: 50, on right: 11 44
$@9 (80)
    on left: 49, on right: 50
stmt (81)
    on left: 51 52 53 54 55 56 57, on right: 63 64
compound_stmt (82)
    on left: 60, on right: 4 33 51
$@10 (83)
    on left: 58, on right: 60
$@11 (84)
    on left: 59, on right: 60
opt_stmt_list (85)
    on left: 61 62, on right: 60 70 71 73 76
stmt_list (86)
    on left: 63 64, on right: 61 63
simple_stmt (87)
    on left: 66 67 68, on right: 52
$@12 (88)
    on left: 65, on right: 66
proc_call_stmt (89)
    on left: 69, on right: 57
cond_stmt (90)
    on left: 70 71, on right: 53
while_stmt (91)
    on left: 73, on right: 54
$@13 (92)
    on left: 72, on right: 73
for_stmt (93)
    on left: 76, on right: 55
$@14 (94)
    on left: 74, on right: 76
$@15 (95)
    on left: 75, on right: 76
return_stmt (96)
    on left: 77, on right: 56
opt_boolean_expr_list (97)
    on left: 78 79, on right: 69 116 117
boolean_expr_list (98)
    on left: 80 81, on right: 78 80
boolean_expr (99)
    on left: 82 83, on right: 66 67 68 70 71 73 77 80 81 82 113 114
    121
boolean_term (100)
    on left: 84 85, on right: 82 83 84
boolean_factor (101)
    on left: 86 87, on right: 84 85 86
relop_expr (102)
    on left: 90 91, on right: 87
$@16 (103)
    on left: 88, on right: 90
$@17 (104)
    on left: 89, on right: 90
rel_op (105)
    on left: 92 93 94 95 96 97, on right: 90
expr (106)
    on left: 100 101, on right: 90 91 100
$@18 (107)
    on left: 98, on right: 100
$@19 (108)
    on left: 99, on right: 100
add_op (109)
    on left: 102 103, on right: 100
term (110)
    on left: 106 107, on right: 100 101 106
$@20 (111)
    on left: 104, on right: 106
$@21 (112)
    on left: 105, on right: 106
mul_op (113)
    on left: 108 109 110, on right: 106
factor (114)
    on left: 111 112 113 114 116 117 118, on right: 106 107
$@22 (115)
    on left: 115, on right: 116
var_ref (116)
    on left: 119 120, on right: 66 111 112 120
dim (117)
    on left: 121, on right: 120


State 0

    0 $accept: . program $end

    ID  shift, and go to state 1

    program  go to state 2


State 1

    3 program: ID . $@1 MK_SEMICOLON $@2 program_body END ID

    $default  reduce using rule 1 ($@1)

    $@1  go to state 3


State 2

    0 $accept: program . $end

    $end  shift, and go to state 4


State 3

    3 program: ID $@1 . MK_SEMICOLON $@2 program_body END ID

    MK_SEMICOLON  shift, and go to state 5


State 4

    0 $accept: program $end .

    $default  accept


State 5

    3 program: ID $@1 MK_SEMICOLON . $@2 program_body END ID

    $default  reduce using rule 2 ($@2)

    $@2  go to state 6


State 6

    3 program: ID $@1 MK_SEMICOLON $@2 . program_body END ID

    VAR  shift, and go to state 7

    $default  reduce using rule 6 (opt_decl_list)

    program_body   go to state 8
    opt_decl_list  go to state 9
    decl_list      go to state 10
    decl           go to state 11


State 7

   10 decl: VAR . id_list MK_COLON scalar_type $@3 MK_SEMICOLON
   11     | VAR . id_list MK_COLON array_type MK_SEMICOLON
   13     | VAR . id_list MK_COLON literal_const $@4 MK_SEMICOLON

    ID  shift, and go to state 12

    id_list  go to state 13


State 8

    3 program: ID $@1 MK_SEMICOLON $@2 program_body . END ID

    END  shift, and go to state 14


State 9

    4 program_body: opt_decl_list . opt_func_decl_list compound_stmt

    ID  shift, and go to state 15

    $default  reduce using rule 26 (opt_func_decl_list)

    opt_func_decl_list  go to state 16
    func_decl_list      go to state 17
    func_decl           go to state 18


State 10

    5 opt_decl_list: decl_list .
    7 decl_list: decl_list . decl

    VAR  shift, and go to state 7

    $default  reduce using rule 5 (opt_decl_list)

    decl  go to state 19


State 11

    8 decl_list: decl .

    $default  reduce using rule 8 (decl_list)


State 12

   40 id_list: ID .

    $default  reduce using rule 40 (id_list)


State 13

   10 decl: VAR id_list . MK_COLON scalar_type $@3 MK_SEMICOLON
   11     | VAR id_list . MK_COLON array_type MK_SEMICOLON
   13     | VAR id_list . MK_COLON literal_const $@4 MK_SEMICOLON
   39 id_list: id_list . MK_COMMA ID

    MK_COMMA  shift, and go to state 20
    MK_COLON  shift, and go to state 21


State 14

    3 program: ID $@1 MK_SEMICOLON $@2 program_body END . ID

    ID  shift, and go to state 22


State 15

   33 func_decl: ID . $@5 MK_LPAREN opt_param_list MK_RPAREN $@6 opt_type MK_SEMICOLON $@7 compound_stmt END $@8 ID

    $default  reduce using rule 29 ($@5)

    $@5  go to state 23


State 16

    4 program_body: opt_decl_list opt_func_decl_list . compound_stmt

    BEG  shift, and go to state 24

    compound_stmt  go to state 25


State 17

   25 opt_func_decl_list: func_decl_list .
   27 func_decl_list: func_decl_list . func_decl

    ID  shift, and go to state 15

    $default  reduce using rule 25 (opt_func_decl_list)

    func_decl  go to state 26


State 18

   28 func_decl_list: func_decl .

    $default  reduce using rule 28 (func_decl_list)


State 19

    7 decl_list: decl_list decl .

    $default  reduce using rule 7 (decl_list)


State 20

   39 id_list: id_list MK_COMMA . ID

    ID  shift, and go to state 27


State 21

   10 decl: VAR id_list MK_COLON . scalar_type $@3 MK_SEMICOLON
   11     | VAR id_list MK_COLON . array_type MK_SEMICOLON
   13     | VAR id_list MK_COLON . literal_const $@4 MK_SEMICOLON

    ARRAY        shift, and go to state 28
    BOOLEAN      shift, and go to state 29
    FALSE        shift, and go to state 30
    INTEGER      shift, and go to state 31
    REAL         shift, and go to state 32
    STRING       shift, and go to state 33
    TRUE         shift, and go to state 34
    OCTAL_CONST  shift, and go to state 35
    INT_CONST    shift, and go to state 36
    FLOAT_CONST  shift, and go to state 37
    SCIENTIFIC   shift, and go to state 38
    STR_CONST    shift, and go to state 39
    OP_SUB       shift, and go to state 40

    int_const      go to state 41
    literal_const  go to state 42
    scalar_type    go to state 43
    array_type     go to state 44


State 22

    3 program: ID $@1 MK_SEMICOLON $@2 program_body END ID .

    $default  reduce using rule 3 (program)


State 23

   33 func_decl: ID $@5 . MK_LPAREN opt_param_list MK_RPAREN $@6 opt_type MK_SEMICOLON $@7 compound_stmt END $@8 ID

    MK_LPAREN  shift, and go to state 45


State 24

   60 compound_stmt: BEG . $@10 opt_decl_list opt_stmt_list $@11 END

    $default  reduce using rule 58 ($@10)

    $@10  go to state 46


State 25

    4 program_body: opt_decl_list opt_func_decl_list compound_stmt .

    $default  reduce using rule 4 (program_body)


State 26

   27 func_decl_list: func_decl_list func_decl .

    $default  reduce using rule 27 (func_decl_list)


State 27

   39 id_list: id_list MK_COMMA ID .

    $default  reduce using rule 39 (id_list)


State 28

   50 array_type: ARRAY . $@9 int_const TO int_const OF type

    $default  reduce using rule 49 ($@9)

    $@9  go to state 47


State 29

   47 scalar_type: BOOLEAN .

    $default  reduce using rule 47 (scalar_type)


State 30

   24 literal_const: FALSE .

    $default  reduce using rule 24 (literal_const)


State 31

   45 scalar_type: INTEGER .

    $default  reduce using rule 45 (scalar_type)


State 32

   46 scalar_type: REAL .

    $default  reduce using rule 46 (scalar_type)


State 33

   48 scalar_type: STRING .

    $default  reduce using rule 48 (scalar_type)


State 34

   23 literal_const: TRUE .

    $default  reduce using rule 23 (literal_const)


State 35

   15 int_const: OCTAL_CONST .

    $default  reduce using rule 15 (int_const)


State 36

   14 int_const: INT_CONST .

    $default  reduce using rule 14 (int_const)


State 37

   18 literal_const: FLOAT_CONST .

    $default  reduce using rule 18 (literal_const)


State 38

   20 literal_const: SCIENTIFIC .

    $default  reduce using rule 20 (literal_const)


State 39

   22 literal_const: STR_CONST .

    $default  reduce using rule 22 (literal_const)


State 40

   17 literal_const: OP_SUB . int_const
   19              | OP_SUB . FLOAT_CONST
   21              | OP_SUB . SCIENTIFIC

    OCTAL_CONST  shift, and go to state 35
    INT_CONST    shift, and go to state 36
    FLOAT_CONST  shift, and go to state 48
    SCIENTIFIC   shift, and go to state 49

    int_const  go to state 50


State 41

   16 literal_const: int_const .

    $default  reduce using rule 16 (literal_const)


State 42

   13 decl: VAR id_list MK_COLON literal_const . $@4 MK_SEMICOLON

    $default  reduce using rule 12 ($@4)

    $@4  go to state 51


State 43

   10 decl: VAR id_list MK_COLON scalar_type . $@3 MK_SEMICOLON

    $default  reduce using rule 9 ($@3)

    $@3  go to state 52


State 44

   11 decl: VAR id_list MK_COLON array_type . MK_SEMICOLON

    MK_SEMICOLON  shift, and go to state 53


State 45

   33 func_decl: ID $@5 MK_LPAREN . opt_param_list MK_RPAREN $@6 opt_type MK_SEMICOLON $@7 compound_stmt END $@8 ID

    ID  shift, and go to state 12

    $default  reduce using rule 35 (opt_param_list)

    opt_param_list  go to state 54
    param_list      go to state 55
    param           go to state 56
    id_list         go to state 57


State 46

   60 compound_stmt: BEG $@10 . opt_decl_list opt_stmt_list $@11 END

    VAR  shift, and go to state 7

    $default  reduce using rule 6 (opt_decl_list)

    opt_decl_list  go to state 58
    decl_list      go to state 10
    decl           go to state 11


State 47

   50 array_type: ARRAY $@9 . int_const TO int_const OF type

    OCTAL_CONST  shift, and go to state 35
    INT_CONST    shift, and go to state 36

    int_const  go to state 59


State 48

   19 literal_const: OP_SUB FLOAT_CONST .

    $default  reduce using rule 19 (literal_const)


State 49

   21 literal_const: OP_SUB SCIENTIFIC .

    $default  reduce using rule 21 (literal_const)


State 50

   17 literal_const: OP_SUB int_const .

    $default  reduce using rule 17 (literal_const)


State 51

   13 decl: VAR id_list MK_COLON literal_const $@4 . MK_SEMICOLON

    MK_SEMICOLON  shift, and go to state 60


State 52

   10 decl: VAR id_list MK_COLON scalar_type $@3 . MK_SEMICOLON

    MK_SEMICOLON  shift, and go to state 61


State 53

   11 decl: VAR id_list MK_COLON array_type MK_SEMICOLON .

    $default  reduce using rule 11 (decl)


State 54

   33 func_decl: ID $@5 MK_LPAREN opt_param_list . MK_RPAREN $@6 opt_type MK_SEMICOLON $@7 compound_stmt END $@8 ID

    MK_RPAREN  shift, and go to state 62


State 55

   34 opt_param_list: param_list .
   36 param_list: param_list . MK_SEMICOLON param

    MK_SEMICOLON  shift, and go to state 63

    $default  reduce using rule 34 (opt_param_list)


State 56

   37 param_list: param .

    $default  reduce using rule 37 (param_list)


State 57

   38 param: id_list . MK_COLON type
   39 id_list: id_list . MK_COMMA ID

    MK_COMMA  shift, and go to state 20
    MK_COLON  shift, and go to state 64


State 58

   60 compound_stmt: BEG $@10 opt_decl_list . opt_stmt_list $@11 END

    BEG     shift, and go to state 24
    FOR     shift, and go to state 65
    IF      shift, and go to state 66
    PRINT   shift, and go to state 67
    READ    shift, and go to state 68
    RETURN  shift, and go to state 69
    WHILE   shift, and go to state 70
    ID      shift, and go to state 71

    $default  reduce using rule 62 (opt_stmt_list)

    stmt            go to state 72
    compound_stmt   go to state 73
    opt_stmt_list   go to state 74
    stmt_list       go to state 75
    simple_stmt     go to state 76
    proc_call_stmt  go to state 77
    cond_stmt       go to state 78
    while_stmt      go to state 79
    for_stmt        go to state 80
    return_stmt     go to state 81
    var_ref         go to state 82


State 59

   50 array_type: ARRAY $@9 int_const . TO int_const OF type

    TO  shift, and go to state 83


State 60

   13 decl: VAR id_list MK_COLON literal_const $@4 MK_SEMICOLON .

    $default  reduce using rule 13 (decl)


State 61

   10 decl: VAR id_list MK_COLON scalar_type $@3 MK_SEMICOLON .

    $default  reduce using rule 10 (decl)


State 62

   33 func_decl: ID $@5 MK_LPAREN opt_param_list MK_RPAREN . $@6 opt_type MK_SEMICOLON $@7 compound_stmt END $@8 ID

    $default  reduce using rule 30 ($@6)

    $@6  go to state 84


State 63

   36 param_list: param_list MK_SEMICOLON . param

    ID  shift, and go to state 12

    param    go to state 85
    id_list  go to state 57


State 64

   38 param: id_list MK_COLON . type

    ARRAY    shift, and go to state 28
    BOOLEAN  shift, and go to state 29
    INTEGER  shift, and go to state 31
    REAL     shift, and go to state 32
    STRING   shift, and go to state 33

    type         go to state 86
    scalar_type  go to state 87
    array_type   go to state 88


State 65

   76 for_stmt: FOR . ID $@14 OP_ASSIGN int_const TO int_const DO $@15 opt_stmt_list END DO

    ID  shift, and go to state 89


State 66

   70 cond_stmt: IF . boolean_expr THEN opt_stmt_list ELSE opt_stmt_list END IF
   71          | IF . boolean_expr THEN opt_stmt_list END IF

    FALSE        shift, and go to state 30
    TRUE         shift, and go to state 34
    ID           shift, and go to state 90
    OCTAL_CONST  shift, and go to state 35
    INT_CONST    shift, and go to state 36
    FLOAT_CONST  shift, and go to state 37
    SCIENTIFIC   shift, and go to state 38
    STR_CONST    shift, and go to state 39
    OP_SUB       shift, and go to state 91
    OP_NOT       shift, and go to state 92
    MK_LPAREN    shift, and go to state 93

    int_const       go to state 41
    literal_const   go to state 94
    boolean_expr    go to state 95
    boolean_term    go to state 96
    boolean_factor  go to state 97
    relop_expr      go to state 98
    expr            go to state 99
    term            go to state 100
    factor          go to state 101
    var_ref         go to state 102


State 67

   67 simple_stmt: PRINT . boolean_expr MK_SEMICOLON

    FALSE        shift, and go to state 30
    TRUE         shift, and go to state 34
    ID           shift, and go to state 90
    OCTAL_CONST  shift, and go to state 35
    INT_CONST    shift, and go to state 36
    FLOAT_CONST  shift, and go to state 37
    SCIENTIFIC   shift, and go to state 38
    STR_CONST    shift, and go to state 39
    OP_SUB       shift, and go to state 91
    OP_NOT       shift, and go to state 92
    MK_LPAREN    shift, and go to state 93

    int_const       go to state 41
    literal_const   go to state 94
    boolean_expr    go to state 103
    boolean_term    go to state 96
    boolean_factor  go to state 97
    relop_expr      go to state 98
    expr            go to state 99
    term            go to state 100
    factor          go to state 101
    var_ref         go to state 102


State 68

   68 simple_stmt: READ . boolean_expr MK_SEMICOLON

    FALSE        shift, and go to state 30
    TRUE         shift, and go to state 34
    ID           shift, and go to state 90
    OCTAL_CONST  shift, and go to state 35
    INT_CONST    shift, and go to state 36
    FLOAT_CONST  shift, and go to state 37
    SCIENTIFIC   shift, and go to state 38
    STR_CONST    shift, and go to state 39
    OP_SUB       shift, and go to state 91
    OP_NOT       shift, and go to state 92
    MK_LPAREN    shift, and go to state 93

    int_const       go to state 41
    literal_const   go to state 94
    boolean_expr    go to state 104
    boolean_term    go to state 96
    boolean_factor  go to state 97
    relop_expr      go to state 98
    expr            go to state 99
    term            go to state 100
    factor          go to state 101
    var_ref         go to state 102


State 69

   77 return_stmt: RETURN . boolean_expr MK_SEMICOLON

    FALSE        shift, and go to state 30
    TRUE         shift, and go to state 34
    ID           shift, and go to state 90
    OCTAL_CONST  shift, and go to state 35
    INT_CONST    shift, and go to state 36
    FLOAT_CONST  shift, and go to state 37
    SCIENTIFIC   shift, and go to state 38
    STR_CONST    shift, and go to state 39
    OP_SUB       shift, and go to state 91
    OP_NOT       shift, and go to state 92
    MK_LPAREN    shift, and go to state 93

    int_const       go to state 41
    literal_const   go to state 94
    boolean_expr    go to state 105
    boolean_term    go to state 96
    boolean_factor  go to state 97
    relop_expr      go to state 98
    expr            go to state 99
    term            go to state 100
    factor          go to state 101
    var_ref         go to state 102


State 70

   73 while_stmt: WHILE . boolean_expr $@13 DO opt_stmt_list END DO

    FALSE        shift, and go to state 30
    TRUE         shift, and go to state 34
    ID           shift, and go to state 90
    OCTAL_CONST  shift, and go to state 35
    INT_CONST    shift, and go to state 36
    FLOAT_CONST  shift, and go to state 37
    SCIENTIFIC   shift, and go to state 38
    STR_CONST    shift, and go to state 39
    OP_SUB       shift, and go to state 91
    OP_NOT       shift, and go to state 92
    MK_LPAREN    shift, and go to state 93

    int_const       go to state 41
    literal_const   go to state 94
    boolean_expr    go to state 106
    boolean_term    go to state 96
    boolean_factor  go to state 97
    relop_expr      go to state 98
    expr            go to state 99
    term            go to state 100
    factor          go to state 101
    var_ref         go to state 102


State 71

   69 proc_call_stmt: ID . MK_LPAREN opt_boolean_expr_list MK_RPAREN MK_SEMICOLON
  119 var_ref: ID .

    MK_LPAREN  shift, and go to state 107

    $default  reduce using rule 119 (var_ref)


State 72

   64 stmt_list: stmt .

    $default  reduce using rule 64 (stmt_list)


State 73

   51 stmt: compound_stmt .

    $default  reduce using rule 51 (stmt)


State 74

   60 compound_stmt: BEG $@10 opt_decl_list opt_stmt_list . $@11 END

    $default  reduce using rule 59 ($@11)

    $@11  go to state 108


State 75

   61 opt_stmt_list: stmt_list .
   63 stmt_list: stmt_list . stmt

    BEG     shift, and go to state 24
    FOR     shift, and go to state 65
    IF      shift, and go to state 66
    PRINT   shift, and go to state 67
    READ    shift, and go to state 68
    RETURN  shift, and go to state 69
    WHILE   shift, and go to state 70
    ID      shift, and go to state 71

    $default  reduce using rule 61 (opt_stmt_list)

    stmt            go to state 109
    compound_stmt   go to state 73
    simple_stmt     go to state 76
    proc_call_stmt  go to state 77
    cond_stmt       go to state 78
    while_stmt      go to state 79
    for_stmt        go to state 80
    return_stmt     go to state 81
    var_ref         go to state 82


State 76

   52 stmt: simple_stmt .

    $default  reduce using rule 52 (stmt)


State 77

   57 stmt: proc_call_stmt .

    $default  reduce using rule 57 (stmt)


State 78

   53 stmt: cond_stmt .

    $default  reduce using rule 53 (stmt)


State 79

   54 stmt: while_stmt .

    $default  reduce using rule 54 (stmt)


State 80

   55 stmt: for_stmt .

    $default  reduce using rule 55 (stmt)


State 81

   56 stmt: return_stmt .

    $default  reduce using rule 56 (stmt)


State 82

   66 simple_stmt: var_ref . $@12 OP_ASSIGN boolean_expr MK_SEMICOLON
  120 var_ref: var_ref . dim

    MK_LB  shift, and go to state 110

    $default  reduce using rule 65 ($@12)

    $@12  go to state 111
    dim   go to state 112


State 83

   50 array_type: ARRAY $@9 int_const TO . int_const OF type

    OCTAL_CONST  shift, and go to state 35
    INT_CONST    shift, and go to state 36

    int_const  go to state 113


State 84

   33 func_decl: ID $@5 MK_LPAREN opt_param_list MK_RPAREN $@6 . opt_type MK_SEMICOLON $@7 compound_stmt END $@8 ID

    MK_COLON  shift, and go to state 114

    $default  reduce using rule 42 (opt_type)

    opt_type  go to state 115


State 85

   36 param_list: param_list MK_SEMICOLON param .

    $default  reduce using rule 36 (param_list)


State 86

   38 param: id_list MK_COLON type .

    $default  reduce using rule 38 (param)


State 87

   43 type: scalar_type .

    $default  reduce using rule 43 (type)


State 88

   44 type: array_type .

    $default  reduce using rule 44 (type)


State 89

   76 for_stmt: FOR ID . $@14 OP_ASSIGN int_const TO int_const DO $@15 opt_stmt_list END DO

    $default  reduce using rule 74 ($@14)

    $@14  go to state 116


State 90

  116 factor: ID . $@22 MK_LPAREN opt_boolean_expr_list MK_RPAREN
  119 var_ref: ID .

    MK_LPAREN  reduce using rule 115 ($@22)
    $default   reduce using rule 119 (var_ref)

    $@22  go to state 117


State 91

   17 literal_const: OP_SUB . int_const
   19              | OP_SUB . FLOAT_CONST
   21              | OP_SUB . SCIENTIFIC
  112 factor: OP_SUB . var_ref
  114       | OP_SUB . MK_LPAREN boolean_expr MK_RPAREN
  117       | OP_SUB . ID MK_LPAREN opt_boolean_expr_list MK_RPAREN

    ID           shift, and go to state 118
    OCTAL_CONST  shift, and go to state 35
    INT_CONST    shift, and go to state 36
    FLOAT_CONST  shift, and go to state 48
    SCIENTIFIC   shift, and go to state 49
    MK_LPAREN    shift, and go to state 119

    int_const  go to state 50
    var_ref    go to state 120


State 92

   86 boolean_factor: OP_NOT . boolean_factor

    FALSE        shift, and go to state 30
    TRUE         shift, and go to state 34
    ID           shift, and go to state 90
    OCTAL_CONST  shift, and go to state 35
    INT_CONST    shift, and go to state 36
    FLOAT_CONST  shift, and go to state 37
    SCIENTIFIC   shift, and go to state 38
    STR_CONST    shift, and go to state 39
    OP_SUB       shift, and go to state 91
    OP_NOT       shift, and go to state 92
    MK_LPAREN    shift, and go to state 93

    int_const       go to state 41
    literal_const   go to state 94
    boolean_factor  go to state 121
    relop_expr      go to state 98
    expr            go to state 99
    term            go to state 100
    factor          go to state 101
    var_ref         go to state 102


State 93

  113 factor: MK_LPAREN . boolean_expr MK_RPAREN

    FALSE        shift, and go to state 30
    TRUE         shift, and go to state 34
    ID           shift, and go to state 90
    OCTAL_CONST  shift, and go to state 35
    INT_CONST    shift, and go to state 36
    FLOAT_CONST  shift, and go to state 37
    SCIENTIFIC   shift, and go to state 38
    STR_CONST    shift, and go to state 39
    OP_SUB       shift, and go to state 91
    OP_NOT       shift, and go to state 92
    MK_LPAREN    shift, and go to state 93

    int_const       go to state 41
    literal_const   go to state 94
    boolean_expr    go to state 122
    boolean_term    go to state 96
    boolean_factor  go to state 97
    relop_expr      go to state 98
    expr            go to state 99
    term            go to state 100
    factor          go to state 101
    var_ref         go to state 102


State 94

  118 factor: literal_const .

    $default  reduce using rule 118 (factor)


State 95

   70 cond_stmt: IF boolean_expr . THEN opt_stmt_list ELSE opt_stmt_list END IF
   71          | IF boolean_expr . THEN opt_stmt_list END IF
   82 boolean_expr: boolean_expr . OP_OR boolean_term

    THEN   shift, and go to state 123
    OP_OR  shift, and go to state 124


State 96

   83 boolean_expr: boolean_term .
   84 boolean_term: boolean_term . OP_AND boolean_factor

    OP_AND  shift, and go to state 125

    $default  reduce using rule 83 (boolean_expr)


State 97

   85 boolean_term: boolean_factor .

    $default  reduce using rule 85 (boolean_term)


State 98

   87 boolean_factor: relop_expr .

    $default  reduce using rule 87 (boolean_factor)


State 99

   90 relop_expr: expr . $@16 rel_op $@17 expr
   91           | expr .
  100 expr: expr . $@18 add_op $@19 term

    OP_ADD    reduce using rule 98 ($@18)
    OP_SUB    reduce using rule 98 ($@18)
    OP_EQ     reduce using rule 88 ($@16)
    OP_NE     reduce using rule 88 ($@16)
    OP_GT     reduce using rule 88 ($@16)
    OP_LT     reduce using rule 88 ($@16)
    OP_GE     reduce using rule 88 ($@16)
    OP_LE     reduce using rule 88 ($@16)
    $default  reduce using rule 91 (relop_expr)

    $@16  go to state 126
    $@18  go to state 127


State 100

  101 expr: term .
  106 term: term . $@20 mul_op $@21 factor

    OP_MUL    reduce using rule 104 ($@20)
    OP_DIV    reduce using rule 104 ($@20)
    OP_MOD    reduce using rule 104 ($@20)
    $default  reduce using rule 101 (expr)

    $@20  go to state 128


State 101

  107 term: factor .

    $default  reduce using rule 107 (term)


State 102

  111 factor: var_ref .
  120 var_ref: var_ref . dim

    MK_LB  shift, and go to state 110

    $default  reduce using rule 111 (factor)

    dim  go to state 112


State 103

   67 simple_stmt: PRINT boolean_expr . MK_SEMICOLON
   82 boolean_expr: boolean_expr . OP_OR boolean_term

    OP_OR         shift, and go to state 124
    MK_SEMICOLON  shift, and go to state 129


State 104

   68 simple_stmt: READ boolean_expr . MK_SEMICOLON
   82 boolean_expr: boolean_expr . OP_OR boolean_term

    OP_OR         shift, and go to state 124
    MK_SEMICOLON  shift, and go to state 130


State 105

   77 return_stmt: RETURN boolean_expr . MK_SEMICOLON
   82 boolean_expr: boolean_expr . OP_OR boolean_term

    OP_OR         shift, and go to state 124
    MK_SEMICOLON  shift, and go to state 131


State 106

   73 while_stmt: WHILE boolean_expr . $@13 DO opt_stmt_list END DO
   82 boolean_expr: boolean_expr . OP_OR boolean_term

    OP_OR  shift, and go to state 124

    $default  reduce using rule 72 ($@13)

    $@13  go to state 132


State 107

   69 proc_call_stmt: ID MK_LPAREN . opt_boolean_expr_list MK_RPAREN MK_SEMICOLON

    FALSE        shift, and go to state 30
    TRUE         shift, and go to state 34
    ID           shift, and go to state 90
    OCTAL_CONST  shift, and go to state 35
    INT_CONST    shift, and go to state 36
    FLOAT_CONST  shift, and go to state 37
    SCIENTIFIC   shift, and go to state 38
    STR_CONST    shift, and go to state 39
    OP_SUB       shift, and go to state 91
    OP_NOT       shift, and go to state 92
    MK_LPAREN    shift, and go to state 93

    $default  reduce using rule 79 (opt_boolean_expr_list)

    int_const              go to state 41
    literal_const          go to state 94
    opt_boolean_expr_list  go to state 133
    boolean_expr_list      go to state 134
    boolean_expr           go to state 135
    boolean_term           go to state 96
    boolean_factor         go to state 97
    relop_expr             go to state 98
    expr                   go to state 99
    term                   go to state 100
    factor                 go to state 101
    var_ref                go to state 102


State 108

   60 compound_stmt: BEG $@10 opt_decl_list opt_stmt_list $@11 . END

    END  shift, and go to state 136


State 109

   63 stmt_list: stmt_list stmt .

    $default  reduce using rule 63 (stmt_list)


State 110

  121 dim: MK_LB . boolean_expr MK_RB

    FALSE        shift, and go to state 30
    TRUE         shift, and go to state 34
    ID           shift, and go to state 90
    OCTAL_CONST  shift, and go to state 35
    INT_CONST    shift, and go to state 36
    FLOAT_CONST  shift, and go to state 37
    SCIENTIFIC   shift, and go to state 38
    STR_CONST    shift, and go to state 39
    OP_SUB       shift, and go to state 91
    OP_NOT       shift, and go to state 92
    MK_LPAREN    shift, and go to state 93

    int_const       go to state 41
    literal_const   go to state 94
    boolean_expr    go to state 137
    boolean_term    go to state 96
    boolean_factor  go to state 97
    relop_expr      go to state 98
    expr            go to state 99
    term            go to state 100
    factor          go to state 101
    var_ref         go to state 102


State 111

   66 simple_stmt: var_ref $@12 . OP_ASSIGN boolean_expr MK_SEMICOLON

    OP_ASSIGN  shift, and go to state 138


State 112

  120 var_ref: var_ref dim .

    $default  reduce using rule 120 (var_ref)


State 113

   50 array_type: ARRAY $@9 int_const TO int_const . OF type

    OF  shift, and go to state 139


State 114

   41 opt_type: MK_COLON . type

    ARRAY    shift, and go to state 28
    BOOLEAN  shift, and go to state 29
    INTEGER  shift, and go to state 31
    REAL     shift, and go to state 32
    STRING   shift, and go to state 33

    type         go to state 140
    scalar_type  go to state 87
    array_type   go to state 88


State 115

   33 func_decl: ID $@5 MK_LPAREN opt_param_list MK_RPAREN $@6 opt_type . MK_SEMICOLON $@7 compound_stmt END $@8 ID

    MK_SEMICOLON  shift, and go to state 141


State 116

   76 for_stmt: FOR ID $@14 . OP_ASSIGN int_const TO int_const DO $@15 opt_stmt_list END DO

    OP_ASSIGN  shift, and go to state 142


State 117

  116 factor: ID $@22 . MK_LPAREN opt_boolean_expr_list MK_RPAREN

    MK_LPAREN  shift, and go to state 143


State 118

  117 factor: OP_SUB ID . MK_LPAREN opt_boolean_expr_list MK_RPAREN
  119 var_ref: ID .

    MK_LPAREN  shift, and go to state 144

    $default  reduce using rule 119 (var_ref)


State 119

  114 factor: OP_SUB MK_LPAREN . boolean_expr MK_RPAREN

    FALSE        shift, and go to state 30
    TRUE         shift, and go to state 34
    ID           shift, and go to state 90
    OCTAL_CONST  shift, and go to state 35
    INT_CONST    shift, and go to state 36
    FLOAT_CONST  shift, and go to state 37
    SCIENTIFIC   shift, and go to state 38
    STR_CONST    shift, and go to state 39
    OP_SUB       shift, and go to state 91
    OP_NOT       shift, and go to state 92
    MK_LPAREN    shift, and go to state 93

    int_const       go to state 41
    literal_const   go to state 94
    boolean_expr    go to state 145
    boolean_term    go to state 96
    boolean_factor  go to state 97
    relop_expr      go to state 98
    expr            go to state 99
    term            go to state 100
    factor          go to state 101
    var_ref         go to state 102


State 120

  112 factor: OP_SUB var_ref .
  120 var_ref: var_ref . dim

    MK_LB  shift, and go to state 110

    $default  reduce using rule 112 (factor)

    dim  go to state 112


State 121

   86 boolean_factor: OP_NOT boolean_factor .

    $default  reduce using rule 86 (boolean_factor)


State 122

   82 boolean_expr: boolean_expr . OP_OR boolean_term
  113 factor: MK_LPAREN boolean_expr . MK_RPAREN

    OP_OR      shift, and go to state 124
    MK_RPAREN  shift, and go to state 146


State 123

   70 cond_stmt: IF boolean_expr THEN . opt_stmt_list ELSE opt_stmt_list END IF
   71          | IF boolean_expr THEN . opt_stmt_list END IF

    BEG     shift, and go to state 24
    FOR     shift, and go to state 65
    IF      shift, and go to state 66
    PRINT   shift, and go to state 67
    READ    shift, and go to state 68
    RETURN  shift, and go to state 69
    WHILE   shift, and go to state 70
    ID      shift, and go to state 71

    $default  reduce using rule 62 (opt_stmt_list)

    stmt            go to state 72
    compound_stmt   go to state 73
    opt_stmt_list   go to state 147
    stmt_list       go to state 75
    simple_stmt     go to state 76
    proc_call_stmt  go to state 77
    cond_stmt       go to state 78
    while_stmt      go to state 79
    for_stmt        go to state 80
    return_stmt     go to state 81
    var_ref         go to state 82


State 124

   82 boolean_expr: boolean_expr OP_OR . boolean_term

    FALSE        shift, and go to state 30
    TRUE         shift, and go to state 34
    ID           shift, and go to state 90
    OCTAL_CONST  shift, and go to state 35
    INT_CONST    shift, and go to state 36
    FLOAT_CONST  shift, and go to state 37
    SCIENTIFIC   shift, and go to state 38
    STR_CONST    shift, and go to state 39
    OP_SUB       shift, and go to state 91
    OP_NOT       shift, and go to state 92
    MK_LPAREN    shift, and go to state 93

    int_const       go to state 41
    literal_const   go to state 94
    boolean_term    go to state 148
    boolean_factor  go to state 97
    relop_expr      go to state 98
    expr            go to state 99
    term            go to state 100
    factor          go to state 101
    var_ref         go to state 102


State 125

   84 boolean_term: boolean_term OP_AND . boolean_factor

    FALSE        shift, and go to state 30
    TRUE         shift, and go to state 34
    ID           shift, and go to state 90
    OCTAL_CONST  shift, and go to state 35
    INT_CONST    shift, and go to state 36
    FLOAT_CONST  shift, and go to state 37
    SCIENTIFIC   shift, and go to state 38
    STR_CONST    shift, and go to state 39
    OP_SUB       shift, and go to state 91
    OP_NOT       shift, and go to state 92
    MK_LPAREN    shift, and go to state 93

    int_const       go to state 41
    literal_const   go to state 94
    boolean_factor  go to state 149
    relop_expr      go to state 98
    expr            go to state 99
    term            go to state 100
    factor          go to state 101
    var_ref         go to state 102


State 126

   90 relop_expr: expr $@16 . rel_op $@17 expr

    OP_EQ  shift, and go to state 150
    OP_NE  shift, and go to state 151
    OP_GT  shift, and go to state 152
    OP_LT  shift, and go to state 153
    OP_GE  shift, and go to state 154
    OP_LE  shift, and go to state 155

    rel_op  go to state 156


State 127

  100 expr: expr $@18 . add_op $@19 term

    OP_ADD  shift, and go to state 157
    OP_SUB  shift, and go to state 158

    add_op  go to state 159


State 128

  106 term: term $@20 . mul_op $@21 factor

    OP_MUL  shift, and go to state 160
    OP_DIV  shift, and go to state 161
    OP_MOD  shift, and go to state 162

    mul_op  go to state 163


State 129

   67 simple_stmt: PRINT boolean_expr MK_SEMICOLON .

    $default  reduce using rule 67 (simple_stmt)


State 130

   68 simple_stmt: READ boolean_expr MK_SEMICOLON .

    $default  reduce using rule 68 (simple_stmt)


State 131

   77 return_stmt: RETURN boolean_expr MK_SEMICOLON .

    $default  reduce using rule 77 (return_stmt)


State 132

   73 while_stmt: WHILE boolean_expr $@13 . DO opt_stmt_list END DO

    DO  shift, and go to state 164


State 133

   69 proc_call_stmt: ID MK_LPAREN opt_boolean_expr_list . MK_RPAREN MK_SEMICOLON

    MK_RPAREN  shift, and go to state 165


State 134

   78 opt_boolean_expr_list: boolean_expr_list .
   80 boolean_expr_list: boolean_expr_list . MK_COMMA boolean_expr

    MK_COMMA  shift, and go to state 166

    $default  reduce using rule 78 (opt_boolean_expr_list)


State 135

   81 boolean_expr_list: boolean_expr .
   82 boolean_expr: boolean_expr . OP_OR boolean_term

    OP_OR  shift, and go to state 124

    $default  reduce using rule 81 (boolean_expr_list)


State 136

   60 compound_stmt: BEG $@10 opt_decl_list opt_stmt_list $@11 END .

    $default  reduce using rule 60 (compound_stmt)


State 137

   82 boolean_expr: boolean_expr . OP_OR boolean_term
  121 dim: MK_LB boolean_expr . MK_RB

    OP_OR  shift, and go to state 124
    MK_RB  shift, and go to state 167


State 138

   66 simple_stmt: var_ref $@12 OP_ASSIGN . boolean_expr MK_SEMICOLON

    FALSE        shift, and go to state 30
    TRUE         shift, and go to state 34
    ID           shift, and go to state 90
    OCTAL_CONST  shift, and go to state 35
    INT_CONST    shift, and go to state 36
    FLOAT_CONST  shift, and go to state 37
    SCIENTIFIC   shift, and go to state 38
    STR_CONST    shift, and go to state 39
    OP_SUB       shift, and go to state 91
    OP_NOT       shift, and go to state 92
    MK_LPAREN    shift, and go to state 93

    int_const       go to state 41
    literal_const   go to state 94
    boolean_expr    go to state 168
    boolean_term    go to state 96
    boolean_factor  go to state 97
    relop_expr      go to state 98
    expr            go to state 99
    term            go to state 100
    factor          go to state 101
    var_ref         go to state 102


State 139

   50 array_type: ARRAY $@9 int_const TO int_const OF . type

    ARRAY    shift, and go to state 28
    BOOLEAN  shift, and go to state 29
    INTEGER  shift, and go to state 31
    REAL     shift, and go to state 32
    STRING   shift, and go to state 33

    type         go to state 169
    scalar_type  go to state 87
    array_type   go to state 88


State 140

   41 opt_type: MK_COLON type .

    $default  reduce using rule 41 (opt_type)


State 141

   33 func_decl: ID $@5 MK_LPAREN opt_param_list MK_RPAREN $@6 opt_type MK_SEMICOLON . $@7 compound_stmt END $@8 ID

    $default  reduce using rule 31 ($@7)

    $@7  go to state 170


State 142

   76 for_stmt: FOR ID $@14 OP_ASSIGN . int_const TO int_const DO $@15 opt_stmt_list END DO

    OCTAL_CONST  shift, and go to state 35
    INT_CONST    shift, and go to state 36

    int_const  go to state 171


State 143

  116 factor: ID $@22 MK_LPAREN . opt_boolean_expr_list MK_RPAREN

    FALSE        shift, and go to state 30
    TRUE         shift, and go to state 34
    ID           shift, and go to state 90
    OCTAL_CONST  shift, and go to state 35
    INT_CONST    shift, and go to state 36
    FLOAT_CONST  shift, and go to state 37
    SCIENTIFIC   shift, and go to state 38
    STR_CONST    shift, and go to state 39
    OP_SUB       shift, and go to state 91
    OP_NOT       shift, and go to state 92
    MK_LPAREN    shift, and go to state 93

    $default  reduce using rule 79 (opt_boolean_expr_list)

    int_const              go to state 41
    literal_const          go to state 94
    opt_boolean_expr_list  go to state 172
    boolean_expr_list      go to state 134
    boolean_expr           go to state 135
    boolean_term           go to state 96
    boolean_factor         go to state 97
    relop_expr             go to state 98
    expr                   go to state 99
    term                   go to state 100
    factor                 go to state 101
    var_ref                go to state 102


State 144

  117 factor: OP_SUB ID MK_LPAREN . opt_boolean_expr_list MK_RPAREN

    FALSE        shift, and go to state 30
    TRUE         shift, and go to state 34
    ID           shift, and go to state 90
    OCTAL_CONST  shift, and go to state 35
    INT_CONST    shift, and go to state 36
    FLOAT_CONST  shift, and go to state 37
    SCIENTIFIC   shift, and go to state 38
    STR_CONST    shift, and go to state 39
    OP_SUB       shift, and go to state 91
    OP_NOT       shift, and go to state 92
    MK_LPAREN    shift, and go to state 93

    $default  reduce using rule 79 (opt_boolean_expr_list)

    int_const              go to state 41
    literal_const          go to state 94
    opt_boolean_expr_list  go to state 173
    boolean_expr_list      go to state 134
    boolean_expr           go to state 135
    boolean_term           go to state 96
    boolean_factor         go to state 97
    relop_expr             go to state 98
    expr                   go to state 99
    term                   go to state 100
    factor                 go to state 101
    var_ref                go to state 102


State 145

   82 boolean_expr: boolean_expr . OP_OR boolean_term
  114 factor: OP_SUB MK_LPAREN boolean_expr . MK_RPAREN

    OP_OR      shift, and go to state 124
    MK_RPAREN  shift, and go to state 174


State 146

  113 factor: MK_LPAREN boolean_expr MK_RPAREN .

    $default  reduce using rule 113 (factor)


State 147

   70 cond_stmt: IF boolean_expr THEN opt_stmt_list . ELSE opt_stmt_list END IF
   71          | IF boolean_expr THEN opt_stmt_list . END IF

    ELSE  shift, and go to state 175
    END   shift, and go to state 176


State 148

   82 boolean_expr: boolean_expr OP_OR boolean_term .
   84 boolean_term: boolean_term . OP_AND boolean_factor

    OP_AND  shift, and go to state 125

    $default  reduce using rule 82 (boolean_expr)


State 149

   84 boolean_term: boolean_term OP_AND boolean_factor .

    $default  reduce using rule 84 (boolean_term)


State 150

   94 rel_op: OP_EQ .

    $default  reduce using rule 94 (rel_op)


State 151

   97 rel_op: OP_NE .

    $default  reduce using rule 97 (rel_op)


State 152

   96 rel_op: OP_GT .

    $default  reduce using rule 96 (rel_op)


State 153

   92 rel_op: OP_LT .

    $default  reduce using rule 92 (rel_op)


State 154

   95 rel_op: OP_GE .

    $default  reduce using rule 95 (rel_op)


State 155

   93 rel_op: OP_LE .

    $default  reduce using rule 93 (rel_op)


State 156

   90 relop_expr: expr $@16 rel_op . $@17 expr

    $default  reduce using rule 89 ($@17)

    $@17  go to state 177


State 157

  102 add_op: OP_ADD .

    $default  reduce using rule 102 (add_op)


State 158

  103 add_op: OP_SUB .

    $default  reduce using rule 103 (add_op)


State 159

  100 expr: expr $@18 add_op . $@19 term

    $default  reduce using rule 99 ($@19)

    $@19  go to state 178


State 160

  108 mul_op: OP_MUL .

    $default  reduce using rule 108 (mul_op)


State 161

  109 mul_op: OP_DIV .

    $default  reduce using rule 109 (mul_op)


State 162

  110 mul_op: OP_MOD .

    $default  reduce using rule 110 (mul_op)


State 163

  106 term: term $@20 mul_op . $@21 factor

    $default  reduce using rule 105 ($@21)

    $@21  go to state 179


State 164

   73 while_stmt: WHILE boolean_expr $@13 DO . opt_stmt_list END DO

    BEG     shift, and go to state 24
    FOR     shift, and go to state 65
    IF      shift, and go to state 66
    PRINT   shift, and go to state 67
    READ    shift, and go to state 68
    RETURN  shift, and go to state 69
    WHILE   shift, and go to state 70
    ID      shift, and go to state 71

    $default  reduce using rule 62 (opt_stmt_list)

    stmt            go to state 72
    compound_stmt   go to state 73
    opt_stmt_list   go to state 180
    stmt_list       go to state 75
    simple_stmt     go to state 76
    proc_call_stmt  go to state 77
    cond_stmt       go to state 78
    while_stmt      go to state 79
    for_stmt        go to state 80
    return_stmt     go to state 81
    var_ref         go to state 82


State 165

   69 proc_call_stmt: ID MK_LPAREN opt_boolean_expr_list MK_RPAREN . MK_SEMICOLON

    MK_SEMICOLON  shift, and go to state 181


State 166

   80 boolean_expr_list: boolean_expr_list MK_COMMA . boolean_expr

    FALSE        shift, and go to state 30
    TRUE         shift, and go to state 34
    ID           shift, and go to state 90
    OCTAL_CONST  shift, and go to state 35
    INT_CONST    shift, and go to state 36
    FLOAT_CONST  shift, and go to state 37
    SCIENTIFIC   shift, and go to state 38
    STR_CONST    shift, and go to state 39
    OP_SUB       shift, and go to state 91
    OP_NOT       shift, and go to state 92
    MK_LPAREN    shift, and go to state 93

    int_const       go to state 41
    literal_const   go to state 94
    boolean_expr    go to state 182
    boolean_term    go to state 96
    boolean_factor  go to state 97
    relop_expr      go to state 98
    expr            go to state 99
    term            go to state 100
    factor          go to state 101
    var_ref         go to state 102


State 167

  121 dim: MK_LB boolean_expr MK_RB .

    $default  reduce using rule 121 (dim)


State 168

   66 simple_stmt: var_ref $@12 OP_ASSIGN boolean_expr . MK_SEMICOLON
   82 boolean_expr: boolean_expr . OP_OR boolean_term

    OP_OR         shift, and go to state 124
    MK_SEMICOLON  shift, and go to state 183


State 169

   50 array_type: ARRAY $@9 int_const TO int_const OF type .

    $default  reduce using rule 50 (array_type)


State 170

   33 func_decl: ID $@5 MK_LPAREN opt_param_list MK_RPAREN $@6 opt_type MK_SEMICOLON $@7 . compound_stmt END $@8 ID

    BEG  shift, and go to state 24

    compound_stmt  go to state 184


State 171

   76 for_stmt: FOR ID $@14 OP_ASSIGN int_const . TO int_const DO $@15 opt_stmt_list END DO

    TO  shift, and go to state 185


State 172

  116 factor: ID $@22 MK_LPAREN opt_boolean_expr_list . MK_RPAREN

    MK_RPAREN  shift, and go to state 186


State 173

  117 factor: OP_SUB ID MK_LPAREN opt_boolean_expr_list . MK_RPAREN

    MK_RPAREN  shift, and go to state 187


State 174

  114 factor: OP_SUB MK_LPAREN boolean_expr MK_RPAREN .

    $default  reduce using rule 114 (factor)


State 175

   70 cond_stmt: IF boolean_expr THEN opt_stmt_list ELSE . opt_stmt_list END IF

    BEG     shift, and go to state 24
    FOR     shift, and go to state 65
    IF      shift, and go to state 66
    PRINT   shift, and go to state 67
    READ    shift, and go to state 68
    RETURN  shift, and go to state 69
    WHILE   shift, and go to state 70
    ID      shift, and go to state 71

    $default  reduce using rule 62 (opt_stmt_list)

    stmt            go to state 72
    compound_stmt   go to state 73
    opt_stmt_list   go to state 188
    stmt_list       go to state 75
    simple_stmt     go to state 76
    proc_call_stmt  go to state 77
    cond_stmt       go to state 78
    while_stmt      go to state 79
    for_stmt        go to state 80
    return_stmt     go to state 81
    var_ref         go to state 82


State 176

   71 cond_stmt: IF boolean_expr THEN opt_stmt_list END . IF

    IF  shift, and go to state 189


State 177

   90 relop_expr: expr $@16 rel_op $@17 . expr

    FALSE        shift, and go to state 30
    TRUE         shift, and go to state 34
    ID           shift, and go to state 90
    OCTAL_CONST  shift, and go to state 35
    INT_CONST    shift, and go to state 36
    FLOAT_CONST  shift, and go to state 37
    SCIENTIFIC   shift, and go to state 38
    STR_CONST    shift, and go to state 39
    OP_SUB       shift, and go to state 91
    MK_LPAREN    shift, and go to state 93

    int_const      go to state 41
    literal_const  go to state 94
    expr           go to state 190
    term           go to state 100
    factor         go to state 101
    var_ref        go to state 102


State 178

  100 expr: expr $@18 add_op $@19 . term

    FALSE        shift, and go to state 30
    TRUE         shift, and go to state 34
    ID           shift, and go to state 90
    OCTAL_CONST  shift, and go to state 35
    INT_CONST    shift, and go to state 36
    FLOAT_CONST  shift, and go to state 37
    SCIENTIFIC   shift, and go to state 38
    STR_CONST    shift, and go to state 39
    OP_SUB       shift, and go to state 91
    MK_LPAREN    shift, and go to state 93

    int_const      go to state 41
    literal_const  go to state 94
    term           go to state 191
    factor         go to state 101
    var_ref        go to state 102


State 179

  106 term: term $@20 mul_op $@21 . factor

    FALSE        shift, and go to state 30
    TRUE         shift, and go to state 34
    ID           shift, and go to state 90
    OCTAL_CONST  shift, and go to state 35
    INT_CONST    shift, and go to state 36
    FLOAT_CONST  shift, and go to state 37
    SCIENTIFIC   shift, and go to state 38
    STR_CONST    shift, and go to state 39
    OP_SUB       shift, and go to state 91
    MK_LPAREN    shift, and go to state 93

    int_const      go to state 41
    literal_const  go to state 94
    factor         go to state 192
    var_ref        go to state 102


State 180

   73 while_stmt: WHILE boolean_expr $@13 DO opt_stmt_list . END DO

    END  shift, and go to state 193


State 181

   69 proc_call_stmt: ID MK_LPAREN opt_boolean_expr_list MK_RPAREN MK_SEMICOLON .

    $default  reduce using rule 69 (proc_call_stmt)


State 182

   80 boolean_expr_list: boolean_expr_list MK_COMMA boolean_expr .
   82 boolean_expr: boolean_expr . OP_OR boolean_term

    OP_OR  shift, and go to state 124

    $default  reduce using rule 80 (boolean_expr_list)


State 183

   66 simple_stmt: var_ref $@12 OP_ASSIGN boolean_expr MK_SEMICOLON .

    $default  reduce using rule 66 (simple_stmt)


State 184

   33 func_decl: ID $@5 MK_LPAREN opt_param_list MK_RPAREN $@6 opt_type MK_SEMICOLON $@7 compound_stmt . END $@8 ID

    END  shift, and go to state 194


State 185

   76 for_stmt: FOR ID $@14 OP_ASSIGN int_const TO . int_const DO $@15 opt_stmt_list END DO

    OCTAL_CONST  shift, and go to state 35
    INT_CONST    shift, and go to state 36

    int_const  go to state 195


State 186

  116 factor: ID $@22 MK_LPAREN opt_boolean_expr_list MK_RPAREN .

    $default  reduce using rule 116 (factor)


State 187

  117 factor: OP_SUB ID MK_LPAREN opt_boolean_expr_list MK_RPAREN .

    $default  reduce using rule 117 (factor)


State 188

   70 cond_stmt: IF boolean_expr THEN opt_stmt_list ELSE opt_stmt_list . END IF

    END  shift, and go to state 196


State 189

   71 cond_stmt: IF boolean_expr THEN opt_stmt_list END IF .

    $default  reduce using rule 71 (cond_stmt)


State 190

   90 relop_expr: expr $@16 rel_op $@17 expr .
  100 expr: expr . $@18 add_op $@19 term

    OP_ADD    reduce using rule 98 ($@18)
    OP_SUB    reduce using rule 98 ($@18)
    $default  reduce using rule 90 (relop_expr)

    $@18  go to state 127


State 191

  100 expr: expr $@18 add_op $@19 term .
  106 term: term . $@20 mul_op $@21 factor

    OP_MUL    reduce using rule 104 ($@20)
    OP_DIV    reduce using rule 104 ($@20)
    OP_MOD    reduce using rule 104 ($@20)
    $default  reduce using rule 100 (expr)

    $@20  go to state 128


State 192

  106 term: term $@20 mul_op $@21 factor .

    $default  reduce using rule 106 (term)


State 193

   73 while_stmt: WHILE boolean_expr $@13 DO opt_stmt_list END . DO

    DO  shift, and go to state 197


State 194

   33 func_decl: ID $@5 MK_LPAREN opt_param_list MK_RPAREN $@6 opt_type MK_SEMICOLON $@7 compound_stmt END . $@8 ID

    $default  reduce using rule 32 ($@8)

    $@8  go to state 198


State 195

   76 for_stmt: FOR ID $@14 OP_ASSIGN int_const TO int_const . DO $@15 opt_stmt_list END DO

    DO  shift, and go to state 199


State 196

   70 cond_stmt: IF boolean_expr THEN opt_stmt_list ELSE opt_stmt_list END . IF

    IF  shift, and go to state 200


State 197

   73 while_stmt: WHILE boolean_expr $@13 DO opt_stmt_list END DO .

    $default  reduce using rule 73 (while_stmt)


State 198

   33 func_decl: ID $@5 MK_LPAREN opt_param_list MK_RPAREN $@6 opt_type MK_SEMICOLON $@7 compound_stmt END $@8 . ID

    ID  shift, and go to state 201


State 199

   76 for_stmt: FOR ID $@14 OP_ASSIGN int_const TO int_const DO . $@15 opt_stmt_list END DO

    $default  reduce using rule 75 ($@15)

    $@15  go to state 202


State 200

   70 cond_stmt: IF boolean_expr THEN opt_stmt_list ELSE opt_stmt_list END IF .

    $default  reduce using rule 70 (cond_stmt)


State 201

   33 func_decl: ID $@5 MK_LPAREN opt_param_list MK_RPAREN $@6 opt_type MK_SEMICOLON $@7 compound_stmt END $@8 ID .

    $default  reduce using rule 33 (func_decl)


State 202

   76 for_stmt: FOR ID $@14 OP_ASSIGN int_const TO int_const DO $@15 . opt_stmt_list END DO

    BEG     shift, and go to state 24
    FOR     shift, and go to state 65
    IF      shift, and go to state 66
    PRINT   shift, and go to state 67
    READ    shift, and go to state 68
    RETURN  shift, and go to state 69
    WHILE   shift, and go to state 70
    ID      shift, and go to state 71

    $default  reduce using rule 62 (opt_stmt_list)

    stmt            go to state 72
    compound_stmt   go to state 73
    opt_stmt_list   go to state 203
    stmt_list       go to state 75
    simple_stmt     go to state 76
    proc_call_stmt  go to state 77
    cond_stmt       go to state 78
    while_stmt      go to state 79
    for_stmt        go to state 80
    return_stmt     go to state 81
    var_ref         go to state 82


State 203

   76 for_stmt: FOR ID $@14 OP_ASSIGN int_const TO int_const DO $@15 opt_stmt_list . END DO

    END  shift, and go to state 204


State 204

   76 for_stmt: FOR ID $@14 OP_ASSIGN int_const TO int_const DO $@15 opt_stmt_list END . DO

    DO  shift, and go to state 205


State 205

   76 for_stmt: FOR ID $@14 OP_ASSIGN int_const TO int_const DO $@15 opt_stmt_list END DO .

    $default  reduce using rule 76 (for_stmt)
